Arguments: 
  C:\Program Files\nodejs\node.exe C:\Program Files (x86)\Yarn\bin\yarn.js add miniprogram

PATH: 
  C:\Windows\system32;C:\Windows;C:\Windows\System32\Wbem;C:\Windows\System32\WindowsPowerShell\v1.0\;C:\Windows\System32\OpenSSH\;C:\Program Files (x86)\NVIDIA Corporation\PhysX\Common;C:\Program Files\NVIDIA Corporation\NVIDIA NvDLISR;C:\Program Files (x86)\Yarn\bin\;C:\Program Files\TortoiseGit\bin;C:\Program Files\Git\cmd;C:\Program Files\nodejs\;C:\Users\xu\AppData\Local\Yarn\bin;C:\Program Files\MySQL\MySQL Shell 8.0\bin\;C:\Users\xu\AppData\Local\Programs\Microsoft VS Code\bin;C:\Users\xu\AppData\Local\Yarn\bin;C:\Windows\System32;

Yarn version: 
  1.16.0

Node version: 
  12.11.1

Platform: 
  win32 x64

Trace: 
  Error: https://registry.yarnpkg.com/miniprogram: Not found
      at Request.params.callback [as _callback] (C:\Program Files (x86)\Yarn\lib\cli.js:65200:18)
      at Request.self.callback (C:\Program Files (x86)\Yarn\lib\cli.js:129590:22)
      at Request.emit (events.js:210:5)
      at Request.<anonymous> (C:\Program Files (x86)\Yarn\lib\cli.js:130562:10)
      at Request.emit (events.js:210:5)
      at IncomingMessage.<anonymous> (C:\Program Files (x86)\Yarn\lib\cli.js:130484:12)
      at Object.onceWrapper (events.js:299:28)
      at IncomingMessage.emit (events.js:215:7)
      at endReadableNT (_stream_readable.js:1183:12)
      at processTicksAndRejections (internal/process/task_queues.js:80:21)

npm manifest: 
  No manifest

yarn manifest: 
  No manifest

Lockfile: 
  No lockfile
